<?xml version="1.0" encoding="UTF-8"?>
<!-- Generated by org.testng.reporters.JUnitReportReporter -->
<testsuite hostname="LAPTOP-4O8LIIDH" failures="0" tests="1" name="AltoroMutual.net.testfire.TestFireEndToEndTest" time="3.256" errors="0" timestamp="2023-01-04T01:27:27 IST" skipped="0">
  <testcase classname="AltoroMutual.net.testfire.TestFireEndToEndTest" name="checkAvailableBalanceTest" time="3.256"/>
  <system-out/>
</testsuite> <!-- AltoroMutual.net.testfire.TestFireEndToEndTest -->
