<?xml version="1.0" encoding="UTF-8"?>
<!-- Generated by org.testng.reporters.JUnitReportReporter -->
<testsuite hostname="LAPTOP-4O8LIIDH" failures="0" tests="1" name="AltoroMutual.net.testfire.LogInSuccessTest" time="1.151" errors="0" timestamp="2023-01-04T01:41:45 IST" skipped="0">
  <testcase classname="AltoroMutual.net.testfire.LogInSuccessTest" name="getSignUpTestSuccess" time="1.151"/>
  <system-out/>
</testsuite> <!-- AltoroMutual.net.testfire.LogInSuccessTest -->
